INFO:     Started server process [9298]
INFO:     Waiting for application startup.
Starting AI Backlog Assistant - Third Level API
INFO:     Application startup complete.
INFO:     Uvicorn running on http://0.0.0.0:8001 (Press CTRL+C to quit)
2025-08-19 18:09:36,822 INFO sqlalchemy.engine.Engine BEGIN (implicit)
2025-08-19 18:09:36,823 INFO sqlalchemy.engine.Engine INSERT INTO third_level_runs (run_at, triggered_by, status) VALUES (?, ?, ?)
2025-08-19 18:09:36,823 INFO sqlalchemy.engine.Engine [generated in 0.00025s] ('2025-08-19 18:09:36.823743', 'test_user', 'running')
2025-08-19 18:09:36,825 INFO sqlalchemy.engine.Engine COMMIT
2025-08-19 18:09:36,854 INFO sqlalchemy.engine.Engine BEGIN (implicit)
2025-08-19 18:09:36,856 INFO sqlalchemy.engine.Engine SELECT third_level_runs.id, third_level_runs.run_at, third_level_runs.triggered_by, third_level_runs.status 
FROM third_level_runs 
WHERE third_level_runs.id = ?
2025-08-19 18:09:36,857 INFO sqlalchemy.engine.Engine [generated in 0.00024s] (5,)
2025-08-19 18:09:36,860 INFO sqlalchemy.engine.Engine UPDATE third_level_runs SET status=? WHERE third_level_runs.id = ?
2025-08-19 18:09:36,860 INFO sqlalchemy.engine.Engine [generated in 0.00020s] ('completed', 5)
2025-08-19 18:09:36,861 INFO sqlalchemy.engine.Engine INSERT INTO third_level_results (run_id, task_id, recommendation, explanation, confidence, created_at) VALUES (?, ?, ?, ?, ?, ?) RETURNING id
2025-08-19 18:09:36,862 INFO sqlalchemy.engine.Engine [generated in 0.00019s (insertmanyvalues) 1/3 (ordered; batch not supported)] (5, 'task_123', 'accelerate', 'High RICE/WSJF score with low risk', 0.9, '2025-08-19 18:09:36.861843')
2025-08-19 18:09:36,862 INFO sqlalchemy.engine.Engine INSERT INTO third_level_results (run_id, task_id, recommendation, explanation, confidence, created_at) VALUES (?, ?, ?, ?, ?, ?) RETURNING id
2025-08-19 18:09:36,862 INFO sqlalchemy.engine.Engine [insertmanyvalues 2/3 (ordered; batch not supported)] (5, 'task_456', 'delay', 'Low RICE with high risk', 0.7, '2025-08-19 18:09:36.861848')
2025-08-19 18:09:36,862 INFO sqlalchemy.engine.Engine INSERT INTO third_level_results (run_id, task_id, recommendation, explanation, confidence, created_at) VALUES (?, ?, ?, ?, ?, ?) RETURNING id
2025-08-19 18:09:36,863 INFO sqlalchemy.engine.Engine [insertmanyvalues 3/3 (ordered; batch not supported)] (5, 'task_789', 'delay', 'Low RICE with high risk', 0.7, '2025-08-19 18:09:36.861850')
2025-08-19 18:09:36,863 INFO sqlalchemy.engine.Engine COMMIT
2025-08-19 18:09:36,893 INFO sqlalchemy.engine.Engine BEGIN (implicit)
2025-08-19 18:09:36,894 INFO sqlalchemy.engine.Engine SELECT third_level_runs.id, third_level_runs.run_at, third_level_runs.triggered_by, third_level_runs.status 
FROM third_level_runs 
WHERE third_level_runs.id = ?
2025-08-19 18:09:36,894 INFO sqlalchemy.engine.Engine [cached since 0.0377s ago] (5,)
2025-08-19 18:09:36,895 INFO sqlalchemy.engine.Engine ROLLBACK
INFO:     127.0.0.1:58492 - "POST /third-level/recommend HTTP/1.1" 200 OK
2025-08-19 18:09:36,900 INFO sqlalchemy.engine.Engine BEGIN (implicit)
2025-08-19 18:09:36,901 INFO sqlalchemy.engine.Engine SELECT third_level_results.id, third_level_results.run_id, third_level_results.task_id, third_level_results.recommendation, third_level_results.explanation, third_level_results.confidence, third_level_results.created_at 
FROM third_level_results 
WHERE third_level_results.run_id = ?
2025-08-19 18:09:36,902 INFO sqlalchemy.engine.Engine [generated in 0.00024s] (1,)
2025-08-19 18:09:36,903 INFO sqlalchemy.engine.Engine ROLLBACK
INFO:     127.0.0.1:58504 - "GET /third-level/results/1 HTTP/1.1" 200 OK
INFO:     127.0.0.1:58512 - "POST /third-level/scenario HTTP/1.1" 200 OK
2025-08-19 18:09:36,912 INFO sqlalchemy.engine.Engine BEGIN (implicit)
2025-08-19 18:09:36,913 INFO sqlalchemy.engine.Engine SELECT third_level_results.id, third_level_results.run_id, third_level_results.task_id, third_level_results.recommendation, third_level_results.explanation, third_level_results.confidence, third_level_results.created_at 
FROM third_level_results 
WHERE third_level_results.id = ?
2025-08-19 18:09:36,913 INFO sqlalchemy.engine.Engine [generated in 0.00024s] (1,)
2025-08-19 18:09:36,916 INFO sqlalchemy.engine.Engine INSERT INTO decision_feedback (result_id, user_id, decision, feedback, created_at) VALUES (?, ?, ?, ?, ?)
2025-08-19 18:09:36,916 INFO sqlalchemy.engine.Engine [generated in 0.00027s] (1, None, 'accepted', 'Looks good', '2025-08-19 18:09:36.916134')
2025-08-19 18:09:36,917 INFO sqlalchemy.engine.Engine COMMIT
INFO:     127.0.0.1:58516 - "POST /third-level/confirm/1 HTTP/1.1" 200 OK
